<?xml version="1.0" encoding="UTF-8"?>
<testsuite name="jeu.endlessrunner.ExampleUnitTest" tests="1" skipped="0" failures="0" errors="0" timestamp="2025-06-26T14:04:14" hostname="DESKTOP-AAGTQ7L" time="0.004">
  <properties/>
  <testcase name="addition_isCorrect" classname="jeu.endlessrunner.ExampleUnitTest" time="0.004"/>
  <system-out><![CDATA[]]></system-out>
  <system-err><![CDATA[]]></system-err>
</testsuite>
